<?xml version="1.0" encoding="UTF-8"?>
<!-- Generated by org.testng.reporters.JUnitReportReporter -->
<testsuite skipped="0" hostname="DELL-2D26CVB" name="gitPractice.SimpleProgram" tests="1" failures="0" timestamp="11 Mar 2022 05:45:08 GMT" time="0.034" errors="0">
  <testcase name="simpleProgram" time="0.034" classname="gitPractice.SimpleProgram"/>
</testsuite> <!-- gitPractice.SimpleProgram -->
