<?xml version="1.0" encoding="UTF-8"?>
<!-- Generated by org.testng.reporters.JUnitReportReporter -->
<testsuite skipped="0" hostname="DELL-2D26CVB" name="gitPractice.CreateOrgTest" tests="1" failures="0" timestamp="14 Mar 2022 10:16:26 GMT" time="0.047" errors="0">
  <testcase name="simpleProgram" time="0.047" classname="gitPractice.CreateOrgTest"/>
</testsuite> <!-- gitPractice.CreateOrgTest -->
