<?xml version="1.0" encoding="UTF-8"?>
<!-- Generated by org.testng.reporters.JUnitReportReporter -->
<testsuite skipped="0" hostname="DELL-2D26CVB" name="gitPractice.CreateContactTest" tests="1" failures="0" timestamp="14 Mar 2022 10:16:25 GMT" time="0.000" errors="0">
  <testcase name="simpleProgram" time="0.000" classname="gitPractice.CreateContactTest"/>
</testsuite> <!-- gitPractice.CreateContactTest -->
