<?xml version="1.0" encoding="UTF-8"?>
<!-- Generated by org.testng.reporters.JUnitReportReporter -->
<testsuite skipped="0" hostname="DELL-2D26CVB" name="gitPractice.SimpleProgram" tests="1" failures="0" timestamp="10 Mar 2022 10:01:54 GMT" time="0.036" errors="0">
  <testcase name="simpleProgram" time="0.036" classname="gitPractice.SimpleProgram"/>
</testsuite> <!-- gitPractice.SimpleProgram -->
